Started GET "/" for ::1 at 2016-10-03 11:08:31 +0100
Processing by Rails::WelcomeController#index as HTML
  Parameters: {"internal"=>true}
  Rendering /Users/Billy/.rvm/gems/ruby-2.3.0/gems/railties-5.0.0.1/lib/rails/templates/rails/welcome/index.html.erb
Started GET "/" for ::1 at 2016-10-03 11:08:31 +0100
Processing by Rails::WelcomeController#index as HTML
  Parameters: {"internal"=>true}
  Rendered /Users/Billy/.rvm/gems/ruby-2.3.0/gems/railties-5.0.0.1/lib/rails/templates/rails/welcome/index.html.erb (11.9ms)
  Rendering /Users/Billy/.rvm/gems/ruby-2.3.0/gems/railties-5.0.0.1/lib/rails/templates/rails/welcome/index.html.erb
Completed 200 OK in 38ms (Views: 25.3ms | ActiveRecord: 0.0ms)


  Rendered /Users/Billy/.rvm/gems/ruby-2.3.0/gems/railties-5.0.0.1/lib/rails/templates/rails/welcome/index.html.erb (4.1ms)
Completed 200 OK in 13ms (Views: 11.1ms | ActiveRecord: 0.0ms)


  [1m[35m (23.7ms)[0m  [1m[35mCREATE TABLE "schema_migrations" ("version" character varying PRIMARY KEY)[0m
  [1m[35m (20.3ms)[0m  [1m[35mCREATE TABLE "ar_internal_metadata" ("key" character varying PRIMARY KEY, "value" character varying, "created_at" timestamp NOT NULL, "updated_at" timestamp NOT NULL)[0m
  [1m[35m (0.4ms)[0m  [1m[34mSELECT pg_try_advisory_lock(3530894603011922685);[0m
  [1m[36mActiveRecord::SchemaMigration Load (0.4ms)[0m  [1m[34mSELECT "schema_migrations".* FROM "schema_migrations"[0m
Migrating to CreateRestaurants (20161003133929)
  [1m[35m (0.2ms)[0m  [1m[35mBEGIN[0m
  [1m[35m (22.9ms)[0m  [1m[35mCREATE TABLE "restaurants" ("id" serial primary key, "name" character varying, "description" text, "created_at" timestamp NOT NULL, "updated_at" timestamp NOT NULL)[0m
  [1m[35mSQL (0.5ms)[0m  [1m[32mINSERT INTO "schema_migrations" ("version") VALUES ($1) RETURNING "version"[0m  [["version", "20161003133929"]]
  [1m[35m (6.2ms)[0m  [1m[35mCOMMIT[0m
  [1m[36mActiveRecord::InternalMetadata Load (0.5ms)[0m  [1m[34mSELECT  "ar_internal_metadata".* FROM "ar_internal_metadata" WHERE "ar_internal_metadata"."key" = $1 LIMIT $2[0m  [["key", :environment], ["LIMIT", 1]]
  [1m[35m (0.2ms)[0m  [1m[35mBEGIN[0m
  [1m[35mSQL (0.4ms)[0m  [1m[32mINSERT INTO "ar_internal_metadata" ("key", "value", "created_at", "updated_at") VALUES ($1, $2, $3, $4) RETURNING "key"[0m  [["key", "environment"], ["value", "development"], ["created_at", 2016-10-03 13:50:48 UTC], ["updated_at", 2016-10-03 13:50:48 UTC]]
  [1m[35m (0.4ms)[0m  [1m[35mCOMMIT[0m
  [1m[35m (0.2ms)[0m  [1m[34mSELECT pg_advisory_unlock(3530894603011922685)[0m
  [1m[36mActiveRecord::SchemaMigration Load (0.2ms)[0m  [1m[34mSELECT "schema_migrations".* FROM "schema_migrations"[0m
  [1m[35m (2.9ms)[0m  [1m[34mSELECT t2.oid::regclass::text AS to_table, a1.attname AS column, a2.attname AS primary_key, c.conname AS name, c.confupdtype AS on_update, c.confdeltype AS on_delete
FROM pg_constraint c
JOIN pg_class t1 ON c.conrelid = t1.oid
JOIN pg_class t2 ON c.confrelid = t2.oid
JOIN pg_attribute a1 ON a1.attnum = c.conkey[1] AND a1.attrelid = t1.oid
JOIN pg_attribute a2 ON a2.attnum = c.confkey[1] AND a2.attrelid = t2.oid
JOIN pg_namespace t3 ON c.connamespace = t3.oid
WHERE c.contype = 'f'
  AND t1.relname = 'restaurants'
  AND t3.nspname = ANY (current_schemas(false))
ORDER BY c.conname
[0m
  [1m[36mActiveRecord::SchemaMigration Load (0.5ms)[0m  [1m[34mSELECT "schema_migrations".* FROM "schema_migrations"[0m
  [1m[36mActiveRecord::SchemaMigration Load (0.2ms)[0m  [1m[34mSELECT "schema_migrations".* FROM "schema_migrations"[0m
  [1m[35m (0.3ms)[0m  [1m[34mSELECT pg_try_advisory_lock(3530894603011922685);[0m
  [1m[36mActiveRecord::SchemaMigration Load (0.2ms)[0m  [1m[34mSELECT "schema_migrations".* FROM "schema_migrations"[0m
Migrating to CreateReviews (20161003140054)
  [1m[35m (0.1ms)[0m  [1m[35mBEGIN[0m
  [1m[35m (9.6ms)[0m  [1m[35mCREATE TABLE "reviews" ("id" serial primary key, "score" integer, "comment" text, "created_at" timestamp NOT NULL, "updated_at" timestamp NOT NULL)[0m
  [1m[35mSQL (0.4ms)[0m  [1m[32mINSERT INTO "schema_migrations" ("version") VALUES ($1) RETURNING "version"[0m  [["version", "20161003140054"]]
  [1m[35m (0.4ms)[0m  [1m[35mCOMMIT[0m
  [1m[36mActiveRecord::InternalMetadata Load (0.4ms)[0m  [1m[34mSELECT  "ar_internal_metadata".* FROM "ar_internal_metadata" WHERE "ar_internal_metadata"."key" = $1 LIMIT $2[0m  [["key", :environment], ["LIMIT", 1]]
  [1m[35m (0.1ms)[0m  [1m[35mBEGIN[0m
  [1m[35m (0.2ms)[0m  [1m[35mCOMMIT[0m
  [1m[35m (0.3ms)[0m  [1m[34mSELECT pg_advisory_unlock(3530894603011922685)[0m
  [1m[36mActiveRecord::SchemaMigration Load (0.2ms)[0m  [1m[34mSELECT "schema_migrations".* FROM "schema_migrations"[0m
  [1m[35m (2.4ms)[0m  [1m[34mSELECT t2.oid::regclass::text AS to_table, a1.attname AS column, a2.attname AS primary_key, c.conname AS name, c.confupdtype AS on_update, c.confdeltype AS on_delete
FROM pg_constraint c
JOIN pg_class t1 ON c.conrelid = t1.oid
JOIN pg_class t2 ON c.confrelid = t2.oid
JOIN pg_attribute a1 ON a1.attnum = c.conkey[1] AND a1.attrelid = t1.oid
JOIN pg_attribute a2 ON a2.attnum = c.confkey[1] AND a2.attrelid = t2.oid
JOIN pg_namespace t3 ON c.connamespace = t3.oid
WHERE c.contype = 'f'
  AND t1.relname = 'restaurants'
  AND t3.nspname = ANY (current_schemas(false))
ORDER BY c.conname
[0m
  [1m[35m (2.1ms)[0m  [1m[34mSELECT t2.oid::regclass::text AS to_table, a1.attname AS column, a2.attname AS primary_key, c.conname AS name, c.confupdtype AS on_update, c.confdeltype AS on_delete
FROM pg_constraint c
JOIN pg_class t1 ON c.conrelid = t1.oid
JOIN pg_class t2 ON c.confrelid = t2.oid
JOIN pg_attribute a1 ON a1.attnum = c.conkey[1] AND a1.attrelid = t1.oid
JOIN pg_attribute a2 ON a2.attnum = c.confkey[1] AND a2.attrelid = t2.oid
JOIN pg_namespace t3 ON c.connamespace = t3.oid
WHERE c.contype = 'f'
  AND t1.relname = 'reviews'
  AND t3.nspname = ANY (current_schemas(false))
ORDER BY c.conname
[0m
